<?xml version="1.0" encoding="UTF-8"?>
<!-- Generated by org.testng.reporters.JUnitReportReporter -->
<testsuite hostname="Anshu-Laptop" failures="0" tests="1" name="post.reddit" time="1073.449" errors="0" timestamp="2021-12-19T18:35:46 IST" skipped="0">
  <testcase classname="post.reddit" name="iterate" time="1073.449"/>
  <system-out/>
</testsuite> <!-- post.reddit -->
